TN:
SF:/Users/jeagle/repos/portal/src/polyfills.ts
FNF:0
FNH:0
LF:0
LH:0
BRF:0
BRH:0
end_of_record
TN:
SF:/Users/jeagle/repos/portal/src/test.ts
FNF:0
FNH:0
DA:13,1
DA:18,1
DA:20,1
LF:3
LH:3
BRF:0
BRH:0
end_of_record
TN:
SF:/Users/jeagle/repos/portal/src/app/app-routing.module.ts
FN:19,AppRoutingModule
FNF:1
FNH:1
FNDA:3,AppRoutingModule
DA:19,1
LF:1
LH:1
BRF:0
BRH:0
end_of_record
TN:
SF:/Users/jeagle/repos/portal/src/app/app.component.ts
FN:3,AppComponent
FNF:1
FNH:1
FNDA:2,AppComponent
DA:8,1
DA:9,2
DA:10,1
LF:3
LH:3
BRF:0
BRH:0
end_of_record
TN:
SF:/Users/jeagle/repos/portal/src/app/material.ts
FN:117,MaterialModule
FNF:1
FNH:1
FNDA:4,MaterialModule
DA:117,1
LF:1
LH:1
BRF:0
BRH:0
end_of_record
TN:
SF:/Users/jeagle/repos/portal/src/app/user.service.ts
FN:17,UserService
FNF:1
FNH:1
FNDA:1,UserService
DA:13,1
DA:14,1
DA:15,1
DA:17,1
DA:74,1
LF:5
LH:5
BRF:0
BRH:0
end_of_record
TN:
SF:/Users/jeagle/repos/portal/src/app/dashboard/dashboard.component.ts
FN:10,DashboardComponent
FN:12,(anonymous_2)
FNF:2
FNH:2
FNDA:1,DashboardComponent
FNDA:1,(anonymous_2)
DA:8,1
DA:12,1
DA:15,1
LF:3
LH:3
BRF:0
BRH:0
end_of_record
TN:
SF:/Users/jeagle/repos/portal/src/app/login/login.component.ts
FN:14,LoginComponent
FN:16,(anonymous_2)
FN:23,(anonymous_3)
FNF:3
FNH:2
FNDA:1,LoginComponent
FNDA:1,(anonymous_2)
FNDA:0,(anonymous_3)
DA:11,1
DA:14,1
DA:16,1
DA:17,1
DA:23,1
DA:24,0
DA:30,1
LF:7
LH:6
BRDA:25,0,0,0
BRDA:25,0,1,0
BRDA:27,1,0,0
BRDA:27,1,1,0
BRF:4
BRH:0
end_of_record
TN:
SF:/Users/jeagle/repos/portal/src/app/register/register.component.ts
FN:12,RegisterComponent
FN:14,(anonymous_2)
FN:24,(anonymous_3)
FNF:3
FNH:3
FNDA:1,RegisterComponent
FNDA:1,(anonymous_2)
FNDA:10,(anonymous_3)
DA:9,1
DA:12,1
DA:14,1
DA:15,1
DA:24,1
DA:25,10
DA:31,1
LF:7
LH:7
BRDA:26,0,0,10
BRDA:26,0,1,0
BRDA:28,1,0,0
BRDA:28,1,1,0
BRF:4
BRH:1
end_of_record
